Build started 5.9.2013 19:49:53.
     1>Project "Z:\Studying\2013-2014\C++\LAB1\C++\Ex2\ConsoleApplication1\ConsoleApplication1\ConsoleApplication1.vcxproj" on node 2 (Build target(s)).
     1>ClCompile:
         C:\Program Files\Microsoft Visual Studio 11.0\VC\bin\CL.exe /c /ZI /nologo /W3 /WX- /sdl /Od /Oy- /D WIN32 /D _DEBUG /D _CONSOLE /D _UNICODE /D UNICODE /Gm /EHsc /RTC1 /MDd /GS /fp:precise /Zc:wchar_t /Zc:forScope /Fo"Debug\\" /Fd"Debug\vc110.pdb" /Gd /TP /analyze- /errorReport:prompt Source.cpp
         Source.cpp
     1>z:\studying\2013-2014\c++\lab1\c++\ex2\consoleapplication1\consoleapplication1\source.cpp(6): error C2660: 'f' : function does not take 1 arguments
     1>Done Building Project "Z:\Studying\2013-2014\C++\LAB1\C++\Ex2\ConsoleApplication1\ConsoleApplication1\ConsoleApplication1.vcxproj" (Build target(s)) -- FAILED.

Build FAILED.

Time Elapsed 00:00:00.20
