Build started 31.08.2013 14:06:30.
     1>Project "D:\Max\Studying\2013-2014\C++\LAB1\C++\Solution in C++\Solution in C++\Solution in C++.vcxproj" on node 2 (Build target(s)).
     1>ClCompile:
         C:\Program Files (x86)\Microsoft Visual Studio 12.0\VC\bin\CL.exe /c /ZI /nologo /W3 /WX- /sdl /Od /Oy- /D WIN32 /D _DEBUG /D _CONSOLE /D _LIB /D _UNICODE /D UNICODE /Gm /EHsc /RTC1 /MDd /GS /fp:precise /Zc:wchar_t /Zc:forScope /Fo"Debug\\" /Fd"Debug\vc120.pdb" /Gd /TP /analyze- /errorReport:prompt Source.cpp
         Source.cpp
     1>d:\max\studying\2013-2014\c++\lab1\c++\solution in c++\solution in c++\source.cpp(7): error C2660: 'f' : function does not take 2 arguments
     1>Done Building Project "D:\Max\Studying\2013-2014\C++\LAB1\C++\Solution in C++\Solution in C++\Solution in C++.vcxproj" (Build target(s)) -- FAILED.

Build FAILED.

Time Elapsed 00:00:00.40
